time=2025-05-30T15:33:49.241+05:00 level=INFO msg="Logger loaded" file=quotes-api.log
time=2025-05-30T15:33:49.242+05:00 level=INFO msg="Server started on port 8080"
time=2025-05-30T15:43:26.990+05:00 level=INFO msg="Logger loaded" file=quotes-api.log
time=2025-05-30T15:43:26.990+05:00 level=INFO msg="Server started on port 8080"
time=2025-05-30T15:43:43.292+05:00 level=INFO msg="health check"
time=2025-05-30T15:43:53.804+05:00 level=INFO msg="add quote" quote="{ID:1 Author:Confucius Quote:Life is simple, but we insist on making it complicated.}"
time=2025-05-30T15:44:14.937+05:00 level=INFO msg="get all quotes" quotes="[{ID:1 Author:Confucius Quote:Life is simple, but we insist on making it complicated.}]"
time=2025-05-30T15:44:14.942+05:00 level=INFO msg="get random quote" quote="{ID:1 Author:Confucius Quote:Life is simple, but we insist on making it complicated.}"
time=2025-05-30T15:46:47.454+05:00 level=INFO msg="get all quotes" quotes="[{ID:1 Author:Confucius Quote:Life is simple, but we insist on making it complicated.}]"
time=2025-05-30T15:47:01.846+05:00 level=INFO msg="get random quote" quote="{ID:1 Author:Confucius Quote:Life is simple, but we insist on making it complicated.}"
time=2025-05-30T15:47:26.246+05:00 level=INFO msg="get quotes by author" quotes="[{ID:1 Author:Confucius Quote:Life is simple, but we insist on making it complicated.}]"
time=2025-05-30T16:22:35.141+05:00 level=INFO msg="Logger loaded" file=quotes-api.log
time=2025-05-30T16:22:35.142+05:00 level=INFO msg="Server started on port" !BADKEY=:8080
time=2025-05-30T16:22:35.142+05:00 level=INFO msg="listen: listen tcp: address ::8080: too many colons in address"
time=2025-05-30T16:22:51.305+05:00 level=INFO msg="Logger loaded" file=quotes-api.log
time=2025-05-30T16:22:51.306+05:00 level=INFO msg="Server started on port" !BADKEY=:8080
time=2025-05-30T16:22:56.307+05:00 level=INFO msg="Server stopped"
time=2025-05-30T16:31:54.771+05:00 level=INFO msg="Logger loaded" file=quotes-api.log
time=2025-05-30T16:31:54.772+05:00 level=INFO msg="Server started on port" port=:8080
time=2025-05-30T16:31:59.772+05:00 level=INFO msg="Server stopped"
time=2025-05-30T16:33:23.850+05:00 level=INFO msg="Logger loaded" file=quotes-api.log
time=2025-05-30T16:33:23.851+05:00 level=INFO msg="Server started on port" port=:8080
time=2025-05-30T16:33:39.472+05:00 level=INFO msg="get quotes by author" quotes=[]
time=2025-05-30T16:34:20.993+05:00 level=INFO msg="Server stopped"
time=2025-05-30T16:34:26.197+05:00 level=INFO msg="Logger loaded" file=quotes-api.log
time=2025-05-30T16:34:26.198+05:00 level=INFO msg="Server started on port" port=:8080
time=2025-05-30T16:34:27.287+05:00 level=INFO msg="Server stopped"
time=2025-05-30T16:34:36.769+05:00 level=INFO msg="Logger loaded" file=quotes-api.log
time=2025-05-30T16:34:36.769+05:00 level=INFO msg="Server started on port" port=:8080
time=2025-05-30T16:34:43.087+05:00 level=INFO msg="Server stopped"
time=2025-05-30T16:34:48.847+05:00 level=INFO msg="Logger loaded" file=quotes-api.log
time=2025-05-30T16:34:48.847+05:00 level=INFO msg="Server started on port" port=:8080
time=2025-05-30T16:34:51.320+05:00 level=INFO msg="Server stopped"
time=2025-05-30T16:38:18.012+05:00 level=INFO msg="Logger loaded" file=quotes-api.log
time=2025-05-30T16:38:18.013+05:00 level=INFO msg="Server is running on port :8080"
time=2025-05-30T16:38:22.798+05:00 level=INFO msg="Shutting down server..."
time=2025-05-30T16:38:22.798+05:00 level=INFO msg="Server exiting"
time=2025-05-30T16:38:25.554+05:00 level=INFO msg="Logger loaded" file=quotes-api.log
time=2025-05-30T16:38:25.554+05:00 level=INFO msg="Server is running on port :8080"
time=2025-05-30T16:38:29.971+05:00 level=INFO msg="Shutting down server..."
time=2025-05-30T16:38:29.971+05:00 level=INFO msg="Server exiting"
time=2025-05-30T17:02:28.182+05:00 level=INFO msg="Logger loaded" file=quotes-api.log
time=2025-05-30T17:02:39.733+05:00 level=INFO msg="Logger loaded" file=quotes-api.log
time=2025-05-30T17:12:32.579+05:00 level=INFO msg="Logger loaded" file=quotes-api.log
time=2025-05-30T17:12:32.580+05:00 level=INFO msg="server started" port=:8080
time=2025-05-30T17:12:35.926+05:00 level=INFO msg="shutdown signal received"
time=2025-05-30T17:12:35.926+05:00 level=INFO msg="shutting down server..."
time=2025-05-30T17:12:35.926+05:00 level=INFO msg="server gracefully stopped"
time=2025-05-30T17:12:42.058+05:00 level=INFO msg="Logger loaded" file=quotes-api.log
time=2025-05-30T17:12:42.058+05:00 level=INFO msg="server started" port=:8080
time=2025-05-30T17:12:45.579+05:00 level=INFO msg="shutdown signal received"
time=2025-05-30T17:12:45.579+05:00 level=INFO msg="shutting down server..."
time=2025-05-30T17:12:45.579+05:00 level=INFO msg="server gracefully stopped"
time=2025-05-30T17:14:13.807+05:00 level=INFO msg="Logger loaded" file=quotes-api.log
time=2025-05-30T17:14:13.807+05:00 level=INFO msg="server started" port=:8080
time=2025-05-30T17:14:38.659+05:00 level=INFO msg="shutdown signal received"
time=2025-05-30T17:14:38.659+05:00 level=INFO msg="shutting down server..."
time=2025-05-30T17:14:38.659+05:00 level=INFO msg="server gracefully stopped"
time=2025-05-30T17:14:43.946+05:00 level=INFO msg="Logger loaded" file=quotes-api.log
time=2025-05-30T17:14:43.947+05:00 level=INFO msg="server started" port=:8080
time=2025-05-30T17:16:06.091+05:00 level=INFO msg="shutdown signal received"
time=2025-05-30T17:16:06.091+05:00 level=INFO msg="shutting down server..."
time=2025-05-30T17:16:06.091+05:00 level=INFO msg="server gracefully stopped"
time=2025-05-30T17:16:14.785+05:00 level=INFO msg="Logger loaded" file=quotes-api.log
time=2025-05-30T17:16:14.785+05:00 level=INFO msg="server started" port=:8080
